[debug] [2024-07-25T17:32:33.524Z] ----------------------------------------------------------------------
[debug] [2024-07-25T17:32:33.530Z] Command:       C:\Program Files\nodejs\node.exe C:\Users\Ori\AppData\Roaming\npm\node_modules\firebase-tools\lib\bin\firebase.js init
[debug] [2024-07-25T17:32:33.531Z] CLI Version:   13.14.1
[debug] [2024-07-25T17:32:33.531Z] Platform:      win32
[debug] [2024-07-25T17:32:33.532Z] Node Version:  v19.4.0
[debug] [2024-07-25T17:32:33.532Z] Time:          Thu Jul 25 2024 20:32:33 GMT+0300 (שעון ישראל (קיץ))
[debug] [2024-07-25T17:32:33.532Z] ----------------------------------------------------------------------
[debug] 
[debug] [2024-07-25T17:32:33.547Z] > command requires scopes: ["email","openid","https://www.googleapis.com/auth/cloudplatformprojects.readonly","https://www.googleapis.com/auth/firebase","https://www.googleapis.com/auth/cloud-platform"]
[debug] [2024-07-25T17:32:33.548Z] > authorizing via signed-in user (naorori1212@gmail.com)
[info] 
     ######## #### ########  ######## ########     ###     ######  ########
     ##        ##  ##     ## ##       ##     ##  ##   ##  ##       ##
     ######    ##  ########  ######   ########  #########  ######  ######
     ##        ##  ##    ##  ##       ##     ## ##     ##       ## ##
     ##       #### ##     ## ######## ########  ##     ##  ######  ########

You're about to initialize a Firebase project in this directory:

  C:\Users\Ori\OneDrive\מסמכים\GitHub\S.Keysar_Cars_Show

[info] 
=== Project Setup
[info] 
[info] First, let's associate this project directory with a Firebase project.
[info] You can create multiple project aliases by running firebase use --add, 
[info] but for now we'll just set up a default project.
[info] 
[debug] [2024-07-25T17:33:57.838Z] > refreshing access token with scopes: []
[debug] [2024-07-25T17:33:57.841Z] >>> [apiv2][query] POST https://www.googleapis.com/oauth2/v3/token [none]
[debug] [2024-07-25T17:33:57.841Z] >>> [apiv2][body] POST https://www.googleapis.com/oauth2/v3/token [omitted]
[debug] [2024-07-25T17:33:58.240Z] <<< [apiv2][status] POST https://www.googleapis.com/oauth2/v3/token 400
[debug] [2024-07-25T17:33:58.240Z] <<< [apiv2][body] POST https://www.googleapis.com/oauth2/v3/token [omitted]
[debug] [2024-07-25T17:33:58.241Z] >>> [apiv2][query] GET https://firebase.googleapis.com/v1beta1/projects pageSize=100
[debug] [2024-07-25T17:33:58.553Z] <<< [apiv2][status] GET https://firebase.googleapis.com/v1beta1/projects 401
[debug] [2024-07-25T17:33:58.554Z] <<< [apiv2][body] GET https://firebase.googleapis.com/v1beta1/projects [omitted]
[debug] [2024-07-25T17:33:58.554Z] HTTP Error: 401, Request had invalid authentication credentials. Expected OAuth 2 access token, login cookie or other valid authentication credential. See https://developers.google.com/identity/sign-in/web/devconsole-project.
[debug] [2024-07-25T17:33:58.700Z] FirebaseError: HTTP Error: 401, Request had invalid authentication credentials. Expected OAuth 2 access token, login cookie or other valid authentication credential. See https://developers.google.com/identity/sign-in/web/devconsole-project.
    at responseToError (C:\Users\Ori\AppData\Roaming\npm\node_modules\firebase-tools\lib\responseToError.js:49:12)
    at RetryOperation._fn (C:\Users\Ori\AppData\Roaming\npm\node_modules\firebase-tools\lib\apiv2.js:305:77)
    at process.processTicksAndRejections (node:internal/process/task_queues:95:5)
[error] 
[error] Error: Failed to list Firebase projects. See firebase-debug.log for more info.
